[2021-07-11 18:15:23.250] [exthost] [info] extension host started
[2021-07-11 18:15:23.528] [exthost] [info] ExtensionService#_doActivateExtension vscode.microsoft-authentication {"startup":false,"extensionId":{"value":"vscode.microsoft-authentication","_lower":"vscode.microsoft-authentication"},"activationEvent":"onAuthenticationRequest:microsoft"}
[2021-07-11 18:15:23.528] [exthost] [info] ExtensionService#loadCommonJSModule file:///usr/share/code/resources/app/extensions/microsoft-authentication/dist/extension.js
[2021-07-11 18:15:23.579] [exthost] [info] ExtensionService#_doActivateExtension vscode.php-language-features {"startup":false,"extensionId":{"value":"vscode.php-language-features","_lower":"vscode.php-language-features"},"activationEvent":"onLanguage:php"}
[2021-07-11 18:15:23.606] [exthost] [info] ExtensionService#loadCommonJSModule file:///usr/share/code/resources/app/extensions/php-language-features/dist/phpMain
[2021-07-11 18:15:23.634] [exthost] [info] ExtensionService#_doActivateExtension vscode.debug-auto-launch {"startup":true,"extensionId":{"value":"vscode.debug-auto-launch","_lower":"vscode.debug-auto-launch"},"activationEvent":"*"}
[2021-07-11 18:15:23.634] [exthost] [info] ExtensionService#loadCommonJSModule file:///usr/share/code/resources/app/extensions/debug-auto-launch/dist/extension
[2021-07-11 18:15:23.640] [exthost] [info] ExtensionService#_doActivateExtension vscode.git {"startup":true,"extensionId":{"value":"vscode.github","_lower":"vscode.github"},"activationEvent":"*"}
[2021-07-11 18:15:23.641] [exthost] [info] ExtensionService#loadCommonJSModule file:///usr/share/code/resources/app/extensions/git/dist/main
[2021-07-11 18:15:24.156] [exthost] [info] ExtensionService#_doActivateExtension vscode.github {"startup":true,"extensionId":{"value":"vscode.github","_lower":"vscode.github"},"activationEvent":"*"}
[2021-07-11 18:15:24.156] [exthost] [info] ExtensionService#loadCommonJSModule file:///usr/share/code/resources/app/extensions/github/dist/extension.js
[2021-07-11 18:15:24.267] [exthost] [info] eager extensions activated
[2021-07-11 18:15:24.453] [exthost] [info] ExtensionService#_doActivateExtension ms-vscode.js-debug {"startup":false,"extensionId":{"value":"ms-vscode.js-debug","_lower":"ms-vscode.js-debug"},"activationEvent":"onCommand:extension.js-debug.clearAutoAttachVariables"}
[2021-07-11 18:15:24.454] [exthost] [info] ExtensionService#loadCommonJSModule file:///usr/share/code/resources/app/extensions/ms-vscode.js-debug/src/extension.js
[2021-07-11 18:15:24.725] [exthost] [info] ExtensionService#_doActivateExtension vscode.emmet {"startup":false,"extensionId":{"value":"vscode.emmet","_lower":"vscode.emmet"},"activationEvent":"onStartupFinished"}
[2021-07-11 18:15:24.726] [exthost] [info] ExtensionService#loadCommonJSModule file:///usr/share/code/resources/app/extensions/emmet/dist/node/emmetNodeMain
[2021-07-11 18:15:24.737] [exthost] [info] ExtensionService#_doActivateExtension vscode.merge-conflict {"startup":false,"extensionId":{"value":"vscode.merge-conflict","_lower":"vscode.merge-conflict"},"activationEvent":"onStartupFinished"}
[2021-07-11 18:15:24.737] [exthost] [info] ExtensionService#loadCommonJSModule file:///usr/share/code/resources/app/extensions/merge-conflict/dist/mergeConflictMain
[2021-07-11 18:15:24.743] [exthost] [info] ExtensionService#_doActivateExtension vscode.testing-editor-contributions {"startup":false,"extensionId":{"value":"vscode.testing-editor-contributions","_lower":"vscode.testing-editor-contributions"},"activationEvent":"onStartupFinished"}
[2021-07-11 18:15:24.743] [exthost] [info] ExtensionService#loadCommonJSModule file:///usr/share/code/resources/app/extensions/testing-editor-contributions/dist/extension.js
[2021-07-11 18:15:24.994] [exthost] [info] ExtensionService#_doActivateExtension vscode.github-authentication {"startup":false,"extensionId":{"value":"vscode.github-authentication","_lower":"vscode.github-authentication"},"activationEvent":"onAuthenticationRequest:github"}
[2021-07-11 18:15:24.994] [exthost] [info] ExtensionService#loadCommonJSModule file:///usr/share/code/resources/app/extensions/github-authentication/dist/extension.js
[2021-07-11 18:24:30.264] [exthost] [info] ExtensionService#_doActivateExtension vscode.css-language-features {"startup":false,"extensionId":{"value":"vscode.css-language-features","_lower":"vscode.css-language-features"},"activationEvent":"onLanguage:css"}
[2021-07-11 18:24:30.265] [exthost] [info] ExtensionService#loadCommonJSModule file:///usr/share/code/resources/app/extensions/css-language-features/client/dist/node/cssClientMain
[2021-07-11 18:24:36.468] [exthost] [info] ExtensionService#_doActivateExtension vscode.image-preview {"startup":false,"extensionId":{"value":"vscode.image-preview","_lower":"vscode.image-preview"},"activationEvent":"onCustomEditor:imagePreview.previewEditor"}
[2021-07-11 18:24:36.469] [exthost] [info] ExtensionService#loadCommonJSModule file:///usr/share/code/resources/app/extensions/image-preview/dist/extension
[2021-07-12 00:01:08.682] [exthost] [info] extension host terminating: renderer closed the socket
[2021-07-12 00:01:09.702] [exthost] [info] exiting with code 0
